[ 2019-03-06T00:39:25+08:00 ] 127.0.0.1 /index.php/Admin/Email/getCount.html
INFO: [ app_begin ] --START--
INFO: Run Behavior\ReadHtmlCacheBehavior [ RunTime:0.000697s ]
INFO: [ app_begin ] --END-- [ RunTime:0.002685s ]
SQL: SHOW COLUMNS FROM `sp_email` [ RunTime:0.0101s ]
SQL: SELECT COUNT(*) AS tp_count FROM `sp_email` WHERE ( isread=0 and to_id=1 ) LIMIT 1   [ RunTime:0.0004s ]
INFO: [ app_end ] --START--
INFO: Run Behavior\ShowPageTraceBehavior [ RunTime:0.000673s ]
INFO: [ app_end ] --END-- [ RunTime:0.000759s ]

[ 2019-03-06T00:39:36+08:00 ] 127.0.0.1 /index.php/Admin/Email/getCount.html
INFO: [ app_begin ] --START--
INFO: Run Behavior\ReadHtmlCacheBehavior [ RunTime:0.000540s ]
INFO: [ app_begin ] --END-- [ RunTime:0.000859s ]
SQL: SHOW COLUMNS FROM `sp_email` [ RunTime:0.0305s ]
SQL: SELECT COUNT(*) AS tp_count FROM `sp_email` WHERE ( isread=0 and to_id=1 ) LIMIT 1   [ RunTime:0.0006s ]
INFO: [ app_end ] --START--
INFO: Run Behavior\ShowPageTraceBehavior [ RunTime:0.001100s ]
INFO: [ app_end ] --END-- [ RunTime:0.001244s ]

[ 2019-03-06T00:39:45+08:00 ] 127.0.0.1 /index.php/Admin/Email/getCount.html
INFO: [ app_begin ] --START--
INFO: Run Behavior\ReadHtmlCacheBehavior [ RunTime:0.000405s ]
INFO: [ app_begin ] --END-- [ RunTime:0.000722s ]
SQL: SHOW COLUMNS FROM `sp_email` [ RunTime:0.0079s ]
SQL: SELECT COUNT(*) AS tp_count FROM `sp_email` WHERE ( isread=0 and to_id=1 ) LIMIT 1   [ RunTime:0.0004s ]
INFO: [ app_end ] --START--
INFO: Run Behavior\ShowPageTraceBehavior [ RunTime:0.000668s ]
INFO: [ app_end ] --END-- [ RunTime:0.000719s ]

[ 2019-03-06T00:39:55+08:00 ] 127.0.0.1 /index.php/Admin/Email/getCount.html
INFO: [ app_begin ] --START--
INFO: Run Behavior\ReadHtmlCacheBehavior [ RunTime:0.000729s ]
INFO: [ app_begin ] --END-- [ RunTime:0.001334s ]
SQL: SHOW COLUMNS FROM `sp_email` [ RunTime:0.0084s ]
SQL: SELECT COUNT(*) AS tp_count FROM `sp_email` WHERE ( isread=0 and to_id=1 ) LIMIT 1   [ RunTime:0.0004s ]
INFO: [ app_end ] --START--
INFO: Run Behavior\ShowPageTraceBehavior [ RunTime:0.000665s ]
INFO: [ app_end ] --END-- [ RunTime:0.000710s ]

[ 2019-03-06T00:40:05+08:00 ] 127.0.0.1 /index.php/Admin/Email/getCount.html
INFO: [ app_begin ] --START--
INFO: Run Behavior\ReadHtmlCacheBehavior [ RunTime:0.000400s ]
INFO: [ app_begin ] --END-- [ RunTime:0.000716s ]
SQL: SHOW COLUMNS FROM `sp_email` [ RunTime:0.0078s ]
SQL: SELECT COUNT(*) AS tp_count FROM `sp_email` WHERE ( isread=0 and to_id=1 ) LIMIT 1   [ RunTime:0.0003s ]
INFO: [ app_end ] --START--
INFO: Run Behavior\ShowPageTraceBehavior [ RunTime:0.000568s ]
INFO: [ app_end ] --END-- [ RunTime:0.000611s ]

[ 2019-03-06T00:40:16+08:00 ] 127.0.0.1 /index.php/Admin/Email/getCount.html
INFO: [ app_begin ] --START--
INFO: Run Behavior\ReadHtmlCacheBehavior [ RunTime:0.000511s ]
INFO: [ app_begin ] --END-- [ RunTime:0.000826s ]
SQL: SHOW COLUMNS FROM `sp_email` [ RunTime:0.0080s ]
SQL: SELECT COUNT(*) AS tp_count FROM `sp_email` WHERE ( isread=0 and to_id=1 ) LIMIT 1   [ RunTime:0.0003s ]
INFO: [ app_end ] --START--
INFO: Run Behavior\ShowPageTraceBehavior [ RunTime:0.000590s ]
INFO: [ app_end ] --END-- [ RunTime:0.000637s ]

[ 2019-03-06T00:40:25+08:00 ] 127.0.0.1 /index.php/Admin/Email/getCount.html
INFO: [ app_begin ] --START--
INFO: Run Behavior\ReadHtmlCacheBehavior [ RunTime:0.000419s ]
INFO: [ app_begin ] --END-- [ RunTime:0.000756s ]
SQL: SHOW COLUMNS FROM `sp_email` [ RunTime:0.0088s ]
SQL: SELECT COUNT(*) AS tp_count FROM `sp_email` WHERE ( isread=0 and to_id=1 ) LIMIT 1   [ RunTime:0.0003s ]
INFO: [ app_end ] --START--
INFO: Run Behavior\ShowPageTraceBehavior [ RunTime:0.000609s ]
INFO: [ app_end ] --END-- [ RunTime:0.000654s ]

[ 2019-03-06T00:40:38+08:00 ] 127.0.0.1 /index.php/Admin/Email/getCount.html
INFO: [ app_begin ] --START--
INFO: Run Behavior\ReadHtmlCacheBehavior [ RunTime:0.000501s ]
INFO: [ app_begin ] --END-- [ RunTime:0.000883s ]
SQL: SHOW COLUMNS FROM `sp_email` [ RunTime:0.0087s ]
SQL: SELECT COUNT(*) AS tp_count FROM `sp_email` WHERE ( isread=0 and to_id=1 ) LIMIT 1   [ RunTime:0.0004s ]
INFO: [ app_end ] --START--
INFO: Run Behavior\ShowPageTraceBehavior [ RunTime:0.000616s ]
INFO: [ app_end ] --END-- [ RunTime:0.000667s ]

[ 2019-03-06T00:40:48+08:00 ] 127.0.0.1 /index.php/Admin/Email/getCount.html
INFO: [ app_begin ] --START--
INFO: Run Behavior\ReadHtmlCacheBehavior [ RunTime:0.000485s ]
INFO: [ app_begin ] --END-- [ RunTime:0.000878s ]
SQL: SHOW COLUMNS FROM `sp_email` [ RunTime:0.0158s ]
SQL: SELECT COUNT(*) AS tp_count FROM `sp_email` WHERE ( isread=0 and to_id=1 ) LIMIT 1   [ RunTime:0.0005s ]
INFO: [ app_end ] --START--
INFO: Run Behavior\ShowPageTraceBehavior [ RunTime:0.001065s ]
INFO: [ app_end ] --END-- [ RunTime:0.001158s ]

[ 2019-03-06T00:40:58+08:00 ] 127.0.0.1 /index.php/Admin/Email/getCount.html
INFO: [ app_begin ] --START--
INFO: Run Behavior\ReadHtmlCacheBehavior [ RunTime:0.000403s ]
INFO: [ app_begin ] --END-- [ RunTime:0.000719s ]
SQL: SHOW COLUMNS FROM `sp_email` [ RunTime:0.0074s ]
SQL: SELECT COUNT(*) AS tp_count FROM `sp_email` WHERE ( isread=0 and to_id=1 ) LIMIT 1   [ RunTime:0.0003s ]
INFO: [ app_end ] --START--
INFO: Run Behavior\ShowPageTraceBehavior [ RunTime:0.000603s ]
INFO: [ app_end ] --END-- [ RunTime:0.000648s ]

[ 2019-03-06T00:41:08+08:00 ] 127.0.0.1 /index.php/Admin/Email/getCount.html
INFO: [ app_begin ] --START--
INFO: Run Behavior\ReadHtmlCacheBehavior [ RunTime:0.000501s ]
INFO: [ app_begin ] --END-- [ RunTime:0.001006s ]
SQL: SHOW COLUMNS FROM `sp_email` [ RunTime:0.0098s ]
SQL: SELECT COUNT(*) AS tp_count FROM `sp_email` WHERE ( isread=0 and to_id=1 ) LIMIT 1   [ RunTime:0.0004s ]
INFO: [ app_end ] --START--
INFO: Run Behavior\ShowPageTraceBehavior [ RunTime:0.000941s ]
INFO: [ app_end ] --END-- [ RunTime:0.001023s ]

[ 2019-03-06T00:41:18+08:00 ] 127.0.0.1 /index.php/Admin/Email/getCount.html
INFO: [ app_begin ] --START--
INFO: Run Behavior\ReadHtmlCacheBehavior [ RunTime:0.000403s ]
INFO: [ app_begin ] --END-- [ RunTime:0.000717s ]
SQL: SHOW COLUMNS FROM `sp_email` [ RunTime:0.0075s ]
SQL: SELECT COUNT(*) AS tp_count FROM `sp_email` WHERE ( isread=0 and to_id=1 ) LIMIT 1   [ RunTime:0.0003s ]
INFO: [ app_end ] --START--
INFO: Run Behavior\ShowPageTraceBehavior [ RunTime:0.000604s ]
INFO: [ app_end ] --END-- [ RunTime:0.000651s ]

[ 2019-03-06T00:41:28+08:00 ] 127.0.0.1 /index.php/Admin/Email/getCount.html
INFO: [ app_begin ] --START--
INFO: Run Behavior\ReadHtmlCacheBehavior [ RunTime:0.000402s ]
INFO: [ app_begin ] --END-- [ RunTime:0.000722s ]
SQL: SHOW COLUMNS FROM `sp_email` [ RunTime:0.0085s ]
SQL: SELECT COUNT(*) AS tp_count FROM `sp_email` WHERE ( isread=0 and to_id=1 ) LIMIT 1   [ RunTime:0.0003s ]
INFO: [ app_end ] --START--
INFO: Run Behavior\ShowPageTraceBehavior [ RunTime:0.000607s ]
INFO: [ app_end ] --END-- [ RunTime:0.000652s ]

[ 2019-03-06T00:41:38+08:00 ] 127.0.0.1 /index.php/Admin/Email/getCount.html
INFO: [ app_begin ] --START--
INFO: Run Behavior\ReadHtmlCacheBehavior [ RunTime:0.000448s ]
INFO: [ app_begin ] --END-- [ RunTime:0.000825s ]
SQL: SHOW COLUMNS FROM `sp_email` [ RunTime:0.0081s ]
SQL: SELECT COUNT(*) AS tp_count FROM `sp_email` WHERE ( isread=0 and to_id=1 ) LIMIT 1   [ RunTime:0.0005s ]
INFO: [ app_end ] --START--
INFO: Run Behavior\ShowPageTraceBehavior [ RunTime:0.000583s ]
INFO: [ app_end ] --END-- [ RunTime:0.000626s ]

[ 2019-03-06T00:41:48+08:00 ] 127.0.0.1 /index.php/Admin/Email/getCount.html
INFO: [ app_begin ] --START--
INFO: Run Behavior\ReadHtmlCacheBehavior [ RunTime:0.000461s ]
INFO: [ app_begin ] --END-- [ RunTime:0.000913s ]
SQL: SHOW COLUMNS FROM `sp_email` [ RunTime:0.0065s ]
SQL: SELECT COUNT(*) AS tp_count FROM `sp_email` WHERE ( isread=0 and to_id=1 ) LIMIT 1   [ RunTime:0.0003s ]
INFO: [ app_end ] --START--
INFO: Run Behavior\ShowPageTraceBehavior [ RunTime:0.000666s ]
INFO: [ app_end ] --END-- [ RunTime:0.000723s ]

[ 2019-03-06T00:41:58+08:00 ] 127.0.0.1 /index.php/Admin/Email/getCount.html
INFO: [ app_begin ] --START--
INFO: Run Behavior\ReadHtmlCacheBehavior [ RunTime:0.000407s ]
INFO: [ app_begin ] --END-- [ RunTime:0.000729s ]
SQL: SHOW COLUMNS FROM `sp_email` [ RunTime:0.0062s ]
SQL: SELECT COUNT(*) AS tp_count FROM `sp_email` WHERE ( isread=0 and to_id=1 ) LIMIT 1   [ RunTime:0.0003s ]
INFO: [ app_end ] --START--
INFO: Run Behavior\ShowPageTraceBehavior [ RunTime:0.000656s ]
INFO: [ app_end ] --END-- [ RunTime:0.000713s ]

[ 2019-03-06T00:42:08+08:00 ] 127.0.0.1 /index.php/Admin/Email/getCount.html
INFO: [ app_begin ] --START--
INFO: Run Behavior\ReadHtmlCacheBehavior [ RunTime:0.000416s ]
INFO: [ app_begin ] --END-- [ RunTime:0.000754s ]
SQL: SHOW COLUMNS FROM `sp_email` [ RunTime:0.0080s ]
SQL: SELECT COUNT(*) AS tp_count FROM `sp_email` WHERE ( isread=0 and to_id=1 ) LIMIT 1   [ RunTime:0.0003s ]
INFO: [ app_end ] --START--
INFO: Run Behavior\ShowPageTraceBehavior [ RunTime:0.000579s ]
INFO: [ app_end ] --END-- [ RunTime:0.000622s ]

[ 2019-03-06T00:42:18+08:00 ] 127.0.0.1 /index.php/Admin/Email/getCount.html
INFO: [ app_begin ] --START--
INFO: Run Behavior\ReadHtmlCacheBehavior [ RunTime:0.000401s ]
INFO: [ app_begin ] --END-- [ RunTime:0.000714s ]
SQL: SHOW COLUMNS FROM `sp_email` [ RunTime:0.0076s ]
SQL: SELECT COUNT(*) AS tp_count FROM `sp_email` WHERE ( isread=0 and to_id=1 ) LIMIT 1   [ RunTime:0.0003s ]
INFO: [ app_end ] --START--
INFO: Run Behavior\ShowPageTraceBehavior [ RunTime:0.000599s ]
INFO: [ app_end ] --END-- [ RunTime:0.000643s ]

[ 2019-03-06T00:42:28+08:00 ] 127.0.0.1 /index.php/Admin/Email/getCount.html
INFO: [ app_begin ] --START--
INFO: Run Behavior\ReadHtmlCacheBehavior [ RunTime:0.000397s ]
INFO: [ app_begin ] --END-- [ RunTime:0.000706s ]
SQL: SHOW COLUMNS FROM `sp_email` [ RunTime:0.0079s ]
SQL: SELECT COUNT(*) AS tp_count FROM `sp_email` WHERE ( isread=0 and to_id=1 ) LIMIT 1   [ RunTime:0.0003s ]
INFO: [ app_end ] --START--
INFO: Run Behavior\ShowPageTraceBehavior [ RunTime:0.000601s ]
INFO: [ app_end ] --END-- [ RunTime:0.000647s ]

[ 2019-03-06T00:42:38+08:00 ] 127.0.0.1 /index.php/Admin/Email/getCount.html
INFO: [ app_begin ] --START--
INFO: Run Behavior\ReadHtmlCacheBehavior [ RunTime:0.000405s ]
INFO: [ app_begin ] --END-- [ RunTime:0.000720s ]
SQL: SHOW COLUMNS FROM `sp_email` [ RunTime:0.0092s ]
SQL: SELECT COUNT(*) AS tp_count FROM `sp_email` WHERE ( isread=0 and to_id=1 ) LIMIT 1   [ RunTime:0.0003s ]
INFO: [ app_end ] --START--
INFO: Run Behavior\ShowPageTraceBehavior [ RunTime:0.000589s ]
INFO: [ app_end ] --END-- [ RunTime:0.000635s ]

[ 2019-03-06T00:42:48+08:00 ] 127.0.0.1 /index.php/Admin/Email/getCount.html
INFO: [ app_begin ] --START--
INFO: Run Behavior\ReadHtmlCacheBehavior [ RunTime:0.000400s ]
INFO: [ app_begin ] --END-- [ RunTime:0.000715s ]
SQL: SHOW COLUMNS FROM `sp_email` [ RunTime:0.0083s ]
SQL: SELECT COUNT(*) AS tp_count FROM `sp_email` WHERE ( isread=0 and to_id=1 ) LIMIT 1   [ RunTime:0.0003s ]
INFO: [ app_end ] --START--
INFO: Run Behavior\ShowPageTraceBehavior [ RunTime:0.000598s ]
INFO: [ app_end ] --END-- [ RunTime:0.000645s ]

[ 2019-03-06T00:42:58+08:00 ] 127.0.0.1 /index.php/Admin/Email/getCount.html
INFO: [ app_begin ] --START--
INFO: Run Behavior\ReadHtmlCacheBehavior [ RunTime:0.000473s ]
INFO: [ app_begin ] --END-- [ RunTime:0.000852s ]
SQL: SHOW COLUMNS FROM `sp_email` [ RunTime:0.0081s ]
SQL: SELECT COUNT(*) AS tp_count FROM `sp_email` WHERE ( isread=0 and to_id=1 ) LIMIT 1   [ RunTime:0.0003s ]
INFO: [ app_end ] --START--
INFO: Run Behavior\ShowPageTraceBehavior [ RunTime:0.000699s ]
INFO: [ app_end ] --END-- [ RunTime:0.000745s ]

[ 2019-03-06T00:43:08+08:00 ] 127.0.0.1 /index.php/Admin/Email/getCount.html
INFO: [ app_begin ] --START--
INFO: Run Behavior\ReadHtmlCacheBehavior [ RunTime:0.000406s ]
INFO: [ app_begin ] --END-- [ RunTime:0.000723s ]
SQL: SHOW COLUMNS FROM `sp_email` [ RunTime:0.0084s ]
SQL: SELECT COUNT(*) AS tp_count FROM `sp_email` WHERE ( isread=0 and to_id=1 ) LIMIT 1   [ RunTime:0.0004s ]
INFO: [ app_end ] --START--
INFO: Run Behavior\ShowPageTraceBehavior [ RunTime:0.000611s ]
INFO: [ app_end ] --END-- [ RunTime:0.000655s ]

[ 2019-03-06T00:43:18+08:00 ] 127.0.0.1 /index.php/Admin/Email/getCount.html
INFO: [ app_begin ] --START--
INFO: Run Behavior\ReadHtmlCacheBehavior [ RunTime:0.000399s ]
INFO: [ app_begin ] --END-- [ RunTime:0.000712s ]
SQL: SHOW COLUMNS FROM `sp_email` [ RunTime:0.0076s ]
SQL: SELECT COUNT(*) AS tp_count FROM `sp_email` WHERE ( isread=0 and to_id=1 ) LIMIT 1   [ RunTime:0.0004s ]
INFO: [ app_end ] --START--
INFO: Run Behavior\ShowPageTraceBehavior [ RunTime:0.000577s ]
INFO: [ app_end ] --END-- [ RunTime:0.000621s ]

[ 2019-03-06T00:43:28+08:00 ] 127.0.0.1 /index.php/Admin/Email/getCount.html
INFO: [ app_begin ] --START--
INFO: Run Behavior\ReadHtmlCacheBehavior [ RunTime:0.000401s ]
INFO: [ app_begin ] --END-- [ RunTime:0.000714s ]
SQL: SHOW COLUMNS FROM `sp_email` [ RunTime:0.0085s ]
SQL: SELECT COUNT(*) AS tp_count FROM `sp_email` WHERE ( isread=0 and to_id=1 ) LIMIT 1   [ RunTime:0.0004s ]
INFO: [ app_end ] --START--
INFO: Run Behavior\ShowPageTraceBehavior [ RunTime:0.000599s ]
INFO: [ app_end ] --END-- [ RunTime:0.000645s ]

[ 2019-03-06T00:43:38+08:00 ] 127.0.0.1 /index.php/Admin/Email/getCount.html
INFO: [ app_begin ] --START--
INFO: Run Behavior\ReadHtmlCacheBehavior [ RunTime:0.000396s ]
INFO: [ app_begin ] --END-- [ RunTime:0.000706s ]
SQL: SHOW COLUMNS FROM `sp_email` [ RunTime:0.0092s ]
SQL: SELECT COUNT(*) AS tp_count FROM `sp_email` WHERE ( isread=0 and to_id=1 ) LIMIT 1   [ RunTime:0.0003s ]
INFO: [ app_end ] --START--
INFO: Run Behavior\ShowPageTraceBehavior [ RunTime:0.000598s ]
INFO: [ app_end ] --END-- [ RunTime:0.000642s ]

[ 2019-03-06T00:43:48+08:00 ] 127.0.0.1 /index.php/Admin/Email/getCount.html
INFO: [ app_begin ] --START--
INFO: Run Behavior\ReadHtmlCacheBehavior [ RunTime:0.000404s ]
INFO: [ app_begin ] --END-- [ RunTime:0.000728s ]
SQL: SHOW COLUMNS FROM `sp_email` [ RunTime:0.0090s ]
SQL: SELECT COUNT(*) AS tp_count FROM `sp_email` WHERE ( isread=0 and to_id=1 ) LIMIT 1   [ RunTime:0.0004s ]
INFO: [ app_end ] --START--
INFO: Run Behavior\ShowPageTraceBehavior [ RunTime:0.000606s ]
INFO: [ app_end ] --END-- [ RunTime:0.000651s ]

[ 2019-03-06T00:43:58+08:00 ] 127.0.0.1 /index.php/Admin/Email/getCount.html
INFO: [ app_begin ] --START--
INFO: Run Behavior\ReadHtmlCacheBehavior [ RunTime:0.000412s ]
INFO: [ app_begin ] --END-- [ RunTime:0.000730s ]
SQL: SHOW COLUMNS FROM `sp_email` [ RunTime:0.0085s ]
SQL: SELECT COUNT(*) AS tp_count FROM `sp_email` WHERE ( isread=0 and to_id=1 ) LIMIT 1   [ RunTime:0.0003s ]
INFO: [ app_end ] --START--
INFO: Run Behavior\ShowPageTraceBehavior [ RunTime:0.000576s ]
INFO: [ app_end ] --END-- [ RunTime:0.000620s ]

[ 2019-03-06T00:44:08+08:00 ] 127.0.0.1 /index.php/Admin/Email/getCount.html
INFO: [ app_begin ] --START--
INFO: Run Behavior\ReadHtmlCacheBehavior [ RunTime:0.000848s ]
INFO: [ app_begin ] --END-- [ RunTime:0.001537s ]
SQL: SHOW COLUMNS FROM `sp_email` [ RunTime:0.0071s ]
SQL: SELECT COUNT(*) AS tp_count FROM `sp_email` WHERE ( isread=0 and to_id=1 ) LIMIT 1   [ RunTime:0.0003s ]
INFO: [ app_end ] --START--
INFO: Run Behavior\ShowPageTraceBehavior [ RunTime:0.000637s ]
INFO: [ app_end ] --END-- [ RunTime:0.000687s ]

[ 2019-03-06T00:44:18+08:00 ] 127.0.0.1 /index.php/Admin/Email/getCount.html
INFO: [ app_begin ] --START--
INFO: Run Behavior\ReadHtmlCacheBehavior [ RunTime:0.000428s ]
INFO: [ app_begin ] --END-- [ RunTime:0.000747s ]
SQL: SHOW COLUMNS FROM `sp_email` [ RunTime:0.0080s ]
SQL: SELECT COUNT(*) AS tp_count FROM `sp_email` WHERE ( isread=0 and to_id=1 ) LIMIT 1   [ RunTime:0.0003s ]
INFO: [ app_end ] --START--
INFO: Run Behavior\ShowPageTraceBehavior [ RunTime:0.000631s ]
INFO: [ app_end ] --END-- [ RunTime:0.000679s ]

[ 2019-03-06T00:44:28+08:00 ] 127.0.0.1 /index.php/Admin/Email/getCount.html
INFO: [ app_begin ] --START--
INFO: Run Behavior\ReadHtmlCacheBehavior [ RunTime:0.000397s ]
INFO: [ app_begin ] --END-- [ RunTime:0.000720s ]
SQL: SHOW COLUMNS FROM `sp_email` [ RunTime:0.0075s ]
SQL: SELECT COUNT(*) AS tp_count FROM `sp_email` WHERE ( isread=0 and to_id=1 ) LIMIT 1   [ RunTime:0.0003s ]
INFO: [ app_end ] --START--
INFO: Run Behavior\ShowPageTraceBehavior [ RunTime:0.000599s ]
INFO: [ app_end ] --END-- [ RunTime:0.000645s ]

[ 2019-03-06T00:44:38+08:00 ] 127.0.0.1 /index.php/Admin/Email/getCount.html
INFO: [ app_begin ] --START--
INFO: Run Behavior\ReadHtmlCacheBehavior [ RunTime:0.000768s ]
INFO: [ app_begin ] --END-- [ RunTime:0.001465s ]
SQL: SHOW COLUMNS FROM `sp_email` [ RunTime:0.0077s ]
SQL: SELECT COUNT(*) AS tp_count FROM `sp_email` WHERE ( isread=0 and to_id=1 ) LIMIT 1   [ RunTime:0.0003s ]
INFO: [ app_end ] --START--
INFO: Run Behavior\ShowPageTraceBehavior [ RunTime:0.000606s ]
INFO: [ app_end ] --END-- [ RunTime:0.000652s ]

[ 2019-03-06T00:44:48+08:00 ] 127.0.0.1 /index.php/Admin/Email/getCount.html
INFO: [ app_begin ] --START--
INFO: Run Behavior\ReadHtmlCacheBehavior [ RunTime:0.000412s ]
INFO: [ app_begin ] --END-- [ RunTime:0.000750s ]
SQL: SHOW COLUMNS FROM `sp_email` [ RunTime:0.0081s ]
SQL: SELECT COUNT(*) AS tp_count FROM `sp_email` WHERE ( isread=0 and to_id=1 ) LIMIT 1   [ RunTime:0.0004s ]
INFO: [ app_end ] --START--
INFO: Run Behavior\ShowPageTraceBehavior [ RunTime:0.000637s ]
INFO: [ app_end ] --END-- [ RunTime:0.000694s ]

[ 2019-03-06T00:44:58+08:00 ] 127.0.0.1 /index.php/Admin/Email/getCount.html
INFO: [ app_begin ] --START--
INFO: Run Behavior\ReadHtmlCacheBehavior [ RunTime:0.000405s ]
INFO: [ app_begin ] --END-- [ RunTime:0.000724s ]
SQL: SHOW COLUMNS FROM `sp_email` [ RunTime:0.0082s ]
SQL: SELECT COUNT(*) AS tp_count FROM `sp_email` WHERE ( isread=0 and to_id=1 ) LIMIT 1   [ RunTime:0.0003s ]
INFO: [ app_end ] --START--
INFO: Run Behavior\ShowPageTraceBehavior [ RunTime:0.000561s ]
INFO: [ app_end ] --END-- [ RunTime:0.000604s ]

[ 2019-03-06T00:45:08+08:00 ] 127.0.0.1 /index.php/Admin/Email/getCount.html
INFO: [ app_begin ] --START--
INFO: Run Behavior\ReadHtmlCacheBehavior [ RunTime:0.000509s ]
INFO: [ app_begin ] --END-- [ RunTime:0.000926s ]
SQL: SHOW COLUMNS FROM `sp_email` [ RunTime:0.0074s ]
SQL: SELECT COUNT(*) AS tp_count FROM `sp_email` WHERE ( isread=0 and to_id=1 ) LIMIT 1   [ RunTime:0.0003s ]
INFO: [ app_end ] --START--
INFO: Run Behavior\ShowPageTraceBehavior [ RunTime:0.000699s ]
INFO: [ app_end ] --END-- [ RunTime:0.000745s ]

[ 2019-03-06T00:45:18+08:00 ] 127.0.0.1 /index.php/Admin/Email/getCount.html
INFO: [ app_begin ] --START--
INFO: Run Behavior\ReadHtmlCacheBehavior [ RunTime:0.000409s ]
INFO: [ app_begin ] --END-- [ RunTime:0.000738s ]
SQL: SHOW COLUMNS FROM `sp_email` [ RunTime:0.0079s ]
SQL: SELECT COUNT(*) AS tp_count FROM `sp_email` WHERE ( isread=0 and to_id=1 ) LIMIT 1   [ RunTime:0.0003s ]
INFO: [ app_end ] --START--
INFO: Run Behavior\ShowPageTraceBehavior [ RunTime:0.000617s ]
INFO: [ app_end ] --END-- [ RunTime:0.000661s ]

[ 2019-03-06T00:45:28+08:00 ] 127.0.0.1 /index.php/Admin/Email/getCount.html
INFO: [ app_begin ] --START--
INFO: Run Behavior\ReadHtmlCacheBehavior [ RunTime:0.000427s ]
INFO: [ app_begin ] --END-- [ RunTime:0.000766s ]
SQL: SHOW COLUMNS FROM `sp_email` [ RunTime:0.0082s ]
SQL: SELECT COUNT(*) AS tp_count FROM `sp_email` WHERE ( isread=0 and to_id=1 ) LIMIT 1   [ RunTime:0.0003s ]
INFO: [ app_end ] --START--
INFO: Run Behavior\ShowPageTraceBehavior [ RunTime:0.000604s ]
INFO: [ app_end ] --END-- [ RunTime:0.000650s ]

[ 2019-03-06T00:45:38+08:00 ] 127.0.0.1 /index.php/Admin/Email/getCount.html
INFO: [ app_begin ] --START--
INFO: Run Behavior\ReadHtmlCacheBehavior [ RunTime:0.000402s ]
INFO: [ app_begin ] --END-- [ RunTime:0.000716s ]
SQL: SHOW COLUMNS FROM `sp_email` [ RunTime:0.0084s ]
SQL: SELECT COUNT(*) AS tp_count FROM `sp_email` WHERE ( isread=0 and to_id=1 ) LIMIT 1   [ RunTime:0.0003s ]
INFO: [ app_end ] --START--
INFO: Run Behavior\ShowPageTraceBehavior [ RunTime:0.000794s ]
INFO: [ app_end ] --END-- [ RunTime:0.000864s ]

[ 2019-03-06T00:45:48+08:00 ] 127.0.0.1 /index.php/Admin/Email/getCount.html
INFO: [ app_begin ] --START--
INFO: Run Behavior\ReadHtmlCacheBehavior [ RunTime:0.000399s ]
INFO: [ app_begin ] --END-- [ RunTime:0.000710s ]
SQL: SHOW COLUMNS FROM `sp_email` [ RunTime:0.0073s ]
SQL: SELECT COUNT(*) AS tp_count FROM `sp_email` WHERE ( isread=0 and to_id=1 ) LIMIT 1   [ RunTime:0.0004s ]
INFO: [ app_end ] --START--
INFO: Run Behavior\ShowPageTraceBehavior [ RunTime:0.000618s ]
INFO: [ app_end ] --END-- [ RunTime:0.000663s ]

[ 2019-03-06T00:45:58+08:00 ] 127.0.0.1 /index.php/Admin/Email/getCount.html
INFO: [ app_begin ] --START--
INFO: Run Behavior\ReadHtmlCacheBehavior [ RunTime:0.000528s ]
INFO: [ app_begin ] --END-- [ RunTime:0.001004s ]
SQL: SHOW COLUMNS FROM `sp_email` [ RunTime:0.0080s ]
SQL: SELECT COUNT(*) AS tp_count FROM `sp_email` WHERE ( isread=0 and to_id=1 ) LIMIT 1   [ RunTime:0.0003s ]
INFO: [ app_end ] --START--
INFO: Run Behavior\ShowPageTraceBehavior [ RunTime:0.000589s ]
INFO: [ app_end ] --END-- [ RunTime:0.000635s ]

[ 2019-03-06T00:46:08+08:00 ] 127.0.0.1 /index.php/Admin/Email/getCount.html
INFO: [ app_begin ] --START--
INFO: Run Behavior\ReadHtmlCacheBehavior [ RunTime:0.000405s ]
INFO: [ app_begin ] --END-- [ RunTime:0.000725s ]
SQL: SHOW COLUMNS FROM `sp_email` [ RunTime:0.0087s ]
SQL: SELECT COUNT(*) AS tp_count FROM `sp_email` WHERE ( isread=0 and to_id=1 ) LIMIT 1   [ RunTime:0.0004s ]
INFO: [ app_end ] --START--
INFO: Run Behavior\ShowPageTraceBehavior [ RunTime:0.000603s ]
INFO: [ app_end ] --END-- [ RunTime:0.000649s ]

[ 2019-03-06T00:46:18+08:00 ] 127.0.0.1 /index.php/Admin/Email/getCount.html
INFO: [ app_begin ] --START--
INFO: Run Behavior\ReadHtmlCacheBehavior [ RunTime:0.000446s ]
INFO: [ app_begin ] --END-- [ RunTime:0.000755s ]
SQL: SHOW COLUMNS FROM `sp_email` [ RunTime:0.0076s ]
SQL: SELECT COUNT(*) AS tp_count FROM `sp_email` WHERE ( isread=0 and to_id=1 ) LIMIT 1   [ RunTime:0.0003s ]
INFO: [ app_end ] --START--
INFO: Run Behavior\ShowPageTraceBehavior [ RunTime:0.000597s ]
INFO: [ app_end ] --END-- [ RunTime:0.000644s ]

[ 2019-03-06T00:46:28+08:00 ] 127.0.0.1 /index.php/Admin/Email/getCount.html
INFO: [ app_begin ] --START--
INFO: Run Behavior\ReadHtmlCacheBehavior [ RunTime:0.000404s ]
INFO: [ app_begin ] --END-- [ RunTime:0.000723s ]
SQL: SHOW COLUMNS FROM `sp_email` [ RunTime:0.0095s ]
SQL: SELECT COUNT(*) AS tp_count FROM `sp_email` WHERE ( isread=0 and to_id=1 ) LIMIT 1   [ RunTime:0.0003s ]
INFO: [ app_end ] --START--
INFO: Run Behavior\ShowPageTraceBehavior [ RunTime:0.000603s ]
INFO: [ app_end ] --END-- [ RunTime:0.000650s ]

[ 2019-03-06T00:46:38+08:00 ] 127.0.0.1 /index.php/Admin/Email/getCount.html
INFO: [ app_begin ] --START--
INFO: Run Behavior\ReadHtmlCacheBehavior [ RunTime:0.000431s ]
INFO: [ app_begin ] --END-- [ RunTime:0.000772s ]
SQL: SHOW COLUMNS FROM `sp_email` [ RunTime:0.0086s ]
SQL: SELECT COUNT(*) AS tp_count FROM `sp_email` WHERE ( isread=0 and to_id=1 ) LIMIT 1   [ RunTime:0.0004s ]
INFO: [ app_end ] --START--
INFO: Run Behavior\ShowPageTraceBehavior [ RunTime:0.000804s ]
INFO: [ app_end ] --END-- [ RunTime:0.000891s ]

